[29-May-2018 19:33:41 UTC] PHP Fatal error:  Uncaught Error: Class 'WP_CLI\SynopsisValidator' not found in phar:///usr/local/bin/wp/php/WP_CLI/Dispatcher/Subcommand.php:254
Stack trace:
#0 phar:///usr/local/bin/wp/php/WP_CLI/Dispatcher/Subcommand.php(386): WP_CLI\Dispatcher\Subcommand->validate_args(Array, Array, Array)
#1 phar:///usr/local/bin/wp/php/WP_CLI/Runner.php(323): WP_CLI\Dispatcher\Subcommand->invoke(Array, Array, Array)
#2 phar:///usr/local/bin/wp/php/WP_CLI/Runner.php(330): WP_CLI\Runner->run_command(Array, Array)
#3 phar:///usr/local/bin/wp/php/WP_CLI/Runner.php(985): WP_CLI\Runner->_run_command()
#4 phar:///usr/local/bin/wp/php/WP_CLI/Bootstrap/LaunchRunner.php(23): WP_CLI\Runner->start()
#5 phar:///usr/local/bin/wp/php/bootstrap.php(75): WP_CLI\Bootstrap\LaunchRunner->process(Object(WP_CLI\Bootstrap\BootstrapState))
#6 phar:///usr/local/bin/wp/php/wp-cli.php(23): WP_CLI\bootstrap()
#7 phar:///usr/local/bin/wp/php/boot-phar.php(8): include('phar:///usr/loc...')
#8 /usr/local/bin/wp(4): include('phar:///usr/loc...')
#9 {main}
  thrown in phar:///usr/local/bin/wp/php/WP_CLI/Dispatcher/Subcommand.php on line 254
[29-May-2018 19:33:41 UTC] PHP Fatal error:  Uncaught Error: Class 'WP_CLI\SynopsisValidator' not found in phar:///usr/local/bin/wp/php/WP_CLI/Dispatcher/Subcommand.php:254
Stack trace:
#0 phar:///usr/local/bin/wp/php/WP_CLI/Dispatcher/Subcommand.php(386): WP_CLI\Dispatcher\Subcommand->validate_args(Array, Array, Array)
#1 phar:///usr/local/bin/wp/php/WP_CLI/Runner.php(323): WP_CLI\Dispatcher\Subcommand->invoke(Array, Array, Array)
#2 phar:///usr/local/bin/wp/php/WP_CLI/Runner.php(330): WP_CLI\Runner->run_command(Array, Array)
#3 phar:///usr/local/bin/wp/php/WP_CLI/Runner.php(985): WP_CLI\Runner->_run_command()
#4 phar:///usr/local/bin/wp/php/WP_CLI/Bootstrap/LaunchRunner.php(23): WP_CLI\Runner->start()
#5 phar:///usr/local/bin/wp/php/bootstrap.php(75): WP_CLI\Bootstrap\LaunchRunner->process(Object(WP_CLI\Bootstrap\BootstrapState))
#6 phar:///usr/local/bin/wp/php/wp-cli.php(23): WP_CLI\bootstrap()
#7 phar:///usr/local/bin/wp/php/boot-phar.php(8): include('phar:///usr/loc...')
#8 /usr/local/bin/wp(4): include('phar:///usr/loc...')
#9 {main}
  thrown in phar:///usr/local/bin/wp/php/WP_CLI/Dispatcher/Subcommand.php on line 254
[29-May-2018 20:19:14 UTC] PHP Parse error:  syntax error, unexpected '>', expecting end of file in /app/public/wp-content/themes/fictional-university/index.php on line 11
[29-May-2018 20:20:57 UTC] PHP Parse error:  syntax error, unexpected ')', expecting variable (T_VARIABLE) in /app/public/wp-content/themes/fictional-university/index.php on line 7
[29-May-2018 20:22:22 UTC] PHP Parse error:  syntax error, unexpected '}', expecting ',' or ';' in /app/public/wp-content/themes/fictional-university/index.php on line 4
[29-May-2018 20:22:41 UTC] PHP Parse error:  syntax error, unexpected '}', expecting ',' or ';' in /app/public/wp-content/themes/fictional-university/index.php on line 4
[29-May-2018 20:23:10 UTC] PHP Warning:  A non-numeric value encountered in /app/public/wp-content/themes/fictional-university/index.php on line 3
[29-May-2018 20:23:10 UTC] PHP Warning:  A non-numeric value encountered in /app/public/wp-content/themes/fictional-university/index.php on line 3
[29-May-2018 20:23:10 UTC] PHP Warning:  A non-numeric value encountered in /app/public/wp-content/themes/fictional-university/index.php on line 3
[29-May-2018 20:23:10 UTC] PHP Warning:  A non-numeric value encountered in /app/public/wp-content/themes/fictional-university/index.php on line 3
[29-May-2018 20:23:10 UTC] PHP Warning:  A non-numeric value encountered in /app/public/wp-content/themes/fictional-university/index.php on line 3
[29-May-2018 20:23:10 UTC] PHP Warning:  A non-numeric value encountered in /app/public/wp-content/themes/fictional-university/index.php on line 3
[29-May-2018 20:36:26 UTC] PHP Parse error:  syntax error, unexpected '}' in /app/public/wp-content/themes/fictional-university/index.php on line 6
[30-May-2018 20:16:22 UTC] PHP Fatal error:  Uncaught Error: Call to undefined function getFooter() in /app/public/wp-content/themes/fictional-university/single.php:8
Stack trace:
#0 /app/public/wp-includes/template-loader.php(74): include()
#1 /app/public/wp-blog-header.php(19): require_once('/app/public/wp-...')
#2 /app/public/index.php(17): require('/app/public/wp-...')
#3 {main}
  thrown in /app/public/wp-content/themes/fictional-university/single.php on line 8
[30-May-2018 20:21:22 UTC] PHP Warning:  call_user_func_array() expects parameter 1 to be a valid callback, function 'university_files' not found or invalid function name in /app/public/wp-includes/class-wp-hook.php on line 286
[30-May-2018 20:21:24 UTC] PHP Warning:  call_user_func_array() expects parameter 1 to be a valid callback, function 'university_files' not found or invalid function name in /app/public/wp-includes/class-wp-hook.php on line 286
[31-May-2018 20:55:28 UTC] PHP Parse error:  syntax error, unexpected '?>', expecting ',' or ')' in /app/public/wp-content/themes/fictional-university/index.php on line 74
[31-May-2018 20:55:47 UTC] PHP Parse error:  syntax error, unexpected '?>', expecting ',' or ')' in /app/public/wp-content/themes/fictional-university/index.php on line 74
[31-May-2018 20:56:24 UTC] PHP Parse error:  syntax error, unexpected '?>', expecting ',' or ')' in /app/public/wp-content/themes/fictional-university/index.php on line 92
[04-Jun-2018 20:43:02 UTC] PHP Parse error:  syntax error, unexpected '');"></div>' (T_CONSTANT_ENCAPSED_STRING), expecting ',' or ';' in /app/public/wp-content/themes/fictional-university/page.php on line 11
[04-Jun-2018 20:43:28 UTC] PHP Parse error:  syntax error, unexpected '?>', expecting ',' or ')' in /app/public/wp-content/themes/fictional-university/page.php on line 7
[05-Jun-2018 20:47:08 UTC] PHP Fatal error:  Uncaught ArgumentCountError: Too few arguments to function wp_get_post_parent_id(), 0 passed in /app/public/wp-content/themes/fictional-university/page.php on line 20 and exactly 1 expected in /app/public/wp-includes/post.php:6135
Stack trace:
#0 /app/public/wp-content/themes/fictional-university/page.php(20): wp_get_post_parent_id()
#1 /app/public/wp-includes/template-loader.php(74): include('/app/public/wp-...')
#2 /app/public/wp-blog-header.php(19): require_once('/app/public/wp-...')
#3 /app/public/index.php(17): require('/app/public/wp-...')
#4 {main}
  thrown in /app/public/wp-includes/post.php on line 6135
[05-Jun-2018 20:47:41 UTC] PHP Parse error:  syntax error, unexpected ';' in /app/public/wp-content/themes/fictional-university/page.php on line 19
[05-Jun-2018 20:47:46 UTC] PHP Parse error:  syntax error, unexpected ';' in /app/public/wp-content/themes/fictional-university/page.php on line 19
[05-Jun-2018 20:47:52 UTC] PHP Parse error:  syntax error, unexpected '}', expecting ',' or ';' in /app/public/wp-content/themes/fictional-university/page.php on line 21
[05-Jun-2018 20:48:01 UTC] PHP Parse error:  syntax error, unexpected '}', expecting ',' or ';' in /app/public/wp-content/themes/fictional-university/page.php on line 21
[05-Jun-2018 20:48:40 UTC] PHP Parse error:  syntax error, unexpected '<' in /app/public/wp-content/themes/fictional-university/page.php on line 20
[05-Jun-2018 20:51:03 UTC] PHP Fatal error:  Uncaught ArgumentCountError: Too few arguments to function wp_get_post_parent_id(), 0 passed in /app/public/wp-content/themes/fictional-university/page.php on line 21 and exactly 1 expected in /app/public/wp-includes/post.php:6135
Stack trace:
#0 /app/public/wp-content/themes/fictional-university/page.php(21): wp_get_post_parent_id()
#1 /app/public/wp-includes/template-loader.php(74): include('/app/public/wp-...')
#2 /app/public/wp-blog-header.php(19): require_once('/app/public/wp-...')
#3 /app/public/index.php(17): require('/app/public/wp-...')
#4 {main}
  thrown in /app/public/wp-includes/post.php on line 6135
[06-Jun-2018 19:25:44 UTC] PHP Parse error:  syntax error, unexpected ''dog'' (T_CONSTANT_ENCAPSED_STRING), expecting ')' in /app/public/wp-content/themes/fictional-university/page.php on line 33
[06-Jun-2018 19:26:34 UTC] PHP Parse error:  syntax error, unexpected ';', expecting ')' in /app/public/wp-content/themes/fictional-university/page.php on line 33
[06-Jun-2018 19:26:59 UTC] PHP Parse error:  syntax error, unexpected ';', expecting ')' in /app/public/wp-content/themes/fictional-university/page.php on line 34
[06-Jun-2018 19:27:48 UTC] PHP Parse error:  syntax error, unexpected ';', expecting ')' in /app/public/wp-content/themes/fictional-university/page.php on line 34
[06-Jun-2018 19:31:44 UTC] PHP Parse error:  syntax error, unexpected '$findChildrenOf' (T_VARIABLE), expecting ',' or ';' in /app/public/wp-content/themes/fictional-university/page.php on line 34
[06-Jun-2018 19:34:36 UTC] PHP Fatal error:  Uncaught Error: Call to undefined function get_the_the_title() in /app/public/wp-content/themes/fictional-university/page.php:29
Stack trace:
#0 /app/public/wp-includes/template-loader.php(74): include()
#1 /app/public/wp-blog-header.php(19): require_once('/app/public/wp-...')
#2 /app/public/index.php(17): require('/app/public/wp-...')
#3 {main}
  thrown in /app/public/wp-content/themes/fictional-university/page.php on line 29
[06-Jun-2018 19:50:07 UTC] PHP Parse error:  syntax error, unexpected '=', expecting ')' in /app/public/wp-content/themes/fictional-university/header.php on line 18
[06-Jun-2018 20:23:58 UTC] PHP Fatal error:  Uncaught Error: Call to undefined function the_exerpt() in /app/public/wp-content/themes/fictional-university/index.php:24
Stack trace:
#0 /app/public/wp-includes/template-loader.php(74): include()
#1 /app/public/wp-blog-header.php(19): require_once('/app/public/wp-...')
#2 /app/public/index.php(17): require('/app/public/wp-...')
#3 {main}
  thrown in /app/public/wp-content/themes/fictional-university/index.php on line 24
[07-Jun-2018 20:10:39 UTC] PHP Warning:  A non-numeric value encountered in /app/public/wp-content/themes/fictional-university/page.php on line 51
[07-Jun-2018 20:11:04 UTC] PHP Warning:  A non-numeric value encountered in /app/public/wp-content/themes/fictional-university/page.php on line 51
[07-Jun-2018 20:11:44 UTC] PHP Warning:  A non-numeric value encountered in /app/public/wp-content/themes/fictional-university/page.php on line 51
[07-Jun-2018 20:11:49 UTC] PHP Warning:  A non-numeric value encountered in /app/public/wp-content/themes/fictional-university/page.php on line 51
[11-Jun-2018 20:41:56 UTC] PHP Fatal error:  Uncaught Error: Call to undefined function singe_cat_title() in /app/public/wp-content/themes/fictional-university/archive.php:8
Stack trace:
#0 /app/public/wp-includes/template-loader.php(74): include()
#1 /app/public/wp-blog-header.php(19): require_once('/app/public/wp-...')
#2 /app/public/index.php(17): require('/app/public/wp-...')
#3 {main}
  thrown in /app/public/wp-content/themes/fictional-university/archive.php on line 8
[11-Jun-2018 20:46:42 UTC] PHP Parse error:  syntax error, unexpected '}', expecting end of file in /app/public/wp-content/themes/fictional-university/archive.php on line 8
[12-Jun-2018 20:28:48 UTC] PHP Fatal error:  Uncaught Error: Call to undefined function page() in /app/public/wp-content/themes/fictional-university/header.php:17
Stack trace:
#0 /app/public/wp-includes/template.php(688): require_once()
#1 /app/public/wp-includes/template.php(647): load_template('/app/public/wp-...', true)
#2 /app/public/wp-includes/general-template.php(41): locate_template(Array, true)
#3 /app/public/wp-content/themes/fictional-university/page.php(2): get_header()
#4 /app/public/wp-includes/template-loader.php(74): include('/app/public/wp-...')
#5 /app/public/wp-blog-header.php(19): require_once('/app/public/wp-...')
#6 /app/public/index.php(17): require('/app/public/wp-...')
#7 {main}
  thrown in /app/public/wp-content/themes/fictional-university/header.php on line 17
[13-Jun-2018 20:26:33 UTC] PHP Parse error:  syntax error, unexpected ';', expecting ')' in /app/public/wp-content/themes/fictional-university/functions.php on line 22
[13-Jun-2018 20:26:42 UTC] PHP Parse error:  syntax error, unexpected ';', expecting ')' in /app/public/wp-content/themes/fictional-university/functions.php on line 22
[13-Jun-2018 20:37:02 UTC] PHP Parse error:  syntax error, unexpected ''add_new_item'' (T_CONSTANT_ENCAPSED_STRING), expecting ')' in /app/public/wp-content/mu-plugins/university-post-types.php on line 8
[13-Jun-2018 20:37:59 UTC] PHP Parse error:  syntax error, unexpected ''add_new_item'' (T_CONSTANT_ENCAPSED_STRING), expecting ')' in /app/public/wp-content/mu-plugins/university-post-types.php on line 8
[13-Jun-2018 20:53:21 UTC] PHP Parse error:  syntax error, unexpected '=>' (T_DOUBLE_ARROW), expecting ')' in /app/public/wp-content/mu-plugins/university-post-types.php on line 5
[14-Jun-2018 20:22:04 UTC] PHP Fatal error:  Uncaught Error: Call to undefined function the_exerpt() in /app/public/wp-content/themes/fictional-university/front-page.php:62
Stack trace:
#0 /app/public/wp-includes/template-loader.php(74): include()
#1 /app/public/wp-blog-header.php(19): require_once('/app/public/wp-...')
#2 /app/public/index.php(17): require('/app/public/wp-...')
#3 {main}
  thrown in /app/public/wp-content/themes/fictional-university/front-page.php on line 62
[14-Jun-2018 20:24:52 UTC] PHP Parse error:  syntax error, unexpected ';', expecting ')' in /app/public/wp-content/mu-plugins/university-post-types.php on line 5
[14-Jun-2018 20:40:32 UTC] PHP Parse error:  syntax error, unexpected '<' in /app/public/wp-content/themes/fictional-university/header.php on line 19
[20-Jun-2018 19:21:34 UTC] PHP Recoverable fatal error:  Object of class DateTime could not be converted to string in /app/public/wp-content/themes/fictional-university/front-page.php on line 29
[20-Jun-2018 19:33:44 UTC] PHP Parse error:  syntax error, unexpected '$homepageEvents' (T_VARIABLE), expecting ',' or ';' in /app/public/wp-content/themes/fictional-university/front-page.php on line 21
[20-Jun-2018 19:44:38 UTC] PHP Parse error:  syntax error, unexpected '=>' (T_DOUBLE_ARROW), expecting ',' or ')' in /app/public/wp-content/themes/fictional-university/functions.php on line 26
[20-Jun-2018 19:44:49 UTC] PHP Parse error:  syntax error, unexpected '=>' (T_DOUBLE_ARROW), expecting ',' or ')' in /app/public/wp-content/themes/fictional-university/functions.php on line 26
[20-Jun-2018 19:49:40 UTC] PHP Parse error:  syntax error, unexpected '=>' (T_DOUBLE_ARROW) in /app/public/wp-content/themes/fictional-university/page-past-events.php on line 16
[20-Jun-2018 20:01:35 UTC] PHP Parse error:  syntax error, unexpected '"', expecting ',' or ';' in /app/public/wp-content/themes/fictional-university/archive-event.php on line 39
[20-Jun-2018 20:47:16 UTC] PHP Parse error:  syntax error, unexpected '<' in /app/public/wp-content/themes/fictional-university/single-event.php on line 22
[20-Jun-2018 20:50:30 UTC] PHP Parse error:  syntax error, unexpected '}', expecting end of file in /app/public/wp-content/themes/fictional-university/single-program.php on line 53
[20-Jun-2018 20:53:28 UTC] PHP Fatal error:  Uncaught Error: Call to a member function have_posts() on null in /app/public/wp-content/themes/fictional-university/single-program.php:23
Stack trace:
#0 /app/public/wp-includes/template-loader.php(74): include()
#1 /app/public/wp-blog-header.php(19): require_once('/app/public/wp-...')
#2 /app/public/index.php(17): require('/app/public/wp-...')
#3 {main}
  thrown in /app/public/wp-content/themes/fictional-university/single-program.php on line 23
[21-Jun-2018 19:27:05 UTC] PHP Parse error:  syntax error, unexpected end of file in /app/public/wp-content/themes/fictional-university/single-class.php on line 18
[21-Jun-2018 19:27:20 UTC] PHP Parse error:  syntax error, unexpected end of file in /app/public/wp-content/themes/fictional-university/single-class.php on line 16
[21-Jun-2018 19:27:28 UTC] PHP Parse error:  syntax error, unexpected end of file in /app/public/wp-content/themes/fictional-university/single-class.php on line 22
[21-Jun-2018 19:35:50 UTC] PHP Parse error:  syntax error, unexpected 'echo' (T_ECHO) in /app/public/wp-content/themes/fictional-university/single-class.php on line 14
[21-Jun-2018 19:36:31 UTC] PHP Parse error:  syntax error, unexpected '$age' (T_VARIABLE) in /app/public/wp-content/themes/fictional-university/single-class.php on line 16
[21-Jun-2018 19:36:38 UTC] PHP Parse error:  syntax error, unexpected '$age' (T_VARIABLE) in /app/public/wp-content/themes/fictional-university/single-class.php on line 16
[21-Jun-2018 19:36:43 UTC] PHP Parse error:  syntax error, unexpected '$age' (T_VARIABLE) in /app/public/wp-content/themes/fictional-university/single-class.php on line 16
[21-Jun-2018 19:36:48 UTC] PHP Parse error:  syntax error, unexpected '$age' (T_VARIABLE) in /app/public/wp-content/themes/fictional-university/single-class.php on line 16
[21-Jun-2018 19:48:39 UTC] PHP Parse error:  syntax error, unexpected '$image' (T_VARIABLE), expecting ',' or ';' in /app/public/wp-content/themes/fictional-university/single-event.php on line 22
[21-Jun-2018 20:18:00 UTC] PHP Parse error:  syntax error, unexpected '}', expecting ',' or ';' in /app/public/wp-content/themes/fictional-university/single-class.php on line 14
[25-Jun-2018 20:07:31 UTC] PHP Parse error:  syntax error, unexpected 'echo' (T_ECHO), expecting ',' or ';' in /app/public/wp-content/themes/fictional-university/single-program.php on line 46
[25-Jun-2018 20:47:54 UTC] PHP Parse error:  syntax error, unexpected ':' in /app/public/wp-content/themes/fictional-university/single-professor.php on line 19
[26-Jun-2018 20:39:33 UTC] PHP Fatal error:  Uncaught Error: Call to undefined function get_the_field() in /app/public/wp-content/themes/fictional-university/functions.php:9
Stack trace:
#0 /app/public/wp-content/themes/fictional-university/page.php(6): pageBanner(Array)
#1 /app/public/wp-includes/template-loader.php(74): include('/app/public/wp-...')
#2 /app/public/wp-blog-header.php(19): require_once('/app/public/wp-...')
#3 /app/public/index.php(17): require('/app/public/wp-...')
#4 {main}
  thrown in /app/public/wp-content/themes/fictional-university/functions.php on line 9
[26-Jun-2018 20:48:48 UTC] PHP Parse error:  syntax error, unexpected '}', expecting end of file in /app/public/wp-content/themes/fictional-university/single-event.php on line 28
[27-Jun-2018 20:12:26 UTC] PHP Parse error:  syntax error, unexpected '}' in /app/public/wp-content/themes/fictional-university/archive-event.php on line 14
[27-Jun-2018 20:12:34 UTC] PHP Fatal error:  Uncaught Error: Call to undefined function get_template_parts() in /app/public/wp-content/themes/fictional-university/archive-event.php:13
Stack trace:
#0 /app/public/wp-includes/template-loader.php(74): include()
#1 /app/public/wp-blog-header.php(19): require_once('/app/public/wp-...')
#2 /app/public/index.php(17): require('/app/public/wp-...')
#3 {main}
  thrown in /app/public/wp-content/themes/fictional-university/archive-event.php on line 13
[27-Jun-2018 20:14:33 UTC] PHP Parse error:  syntax error, unexpected end of file in /app/public/wp-content/themes/fictional-university/single-program.php on line 86
[03-Jul-2018 20:17:28 UTC] PHP Fatal error:  Uncaught Error: Class 'Date' not found in /app/public/wp-content/themes/fictional-university-theme/functions.php:35
Stack trace:
#0 /app/public/wp-includes/class-wp-hook.php(286): university_files('')
#1 /app/public/wp-includes/class-wp-hook.php(310): WP_Hook->apply_filters('', Array)
#2 /app/public/wp-includes/plugin.php(453): WP_Hook->do_action(Array)
#3 /app/public/wp-includes/script-loader.php(1447): do_action('wp_enqueue_scri...')
#4 /app/public/wp-includes/class-wp-hook.php(286): wp_enqueue_scripts('')
#5 /app/public/wp-includes/class-wp-hook.php(310): WP_Hook->apply_filters(NULL, Array)
#6 /app/public/wp-includes/plugin.php(453): WP_Hook->do_action(Array)
#7 /app/public/wp-includes/general-template.php(2614): do_action('wp_head')
#8 /app/public/wp-content/themes/fictional-university-theme/header.php(6): wp_head()
#9 /app/public/wp-includes/template.php(688): require_once('/app/public/wp-...')
#10 /app/public/wp-includes/template.php(647): load_template('/app/public/wp-...', true)
#11 /app/public/wp-inc in /app/public/wp-content/themes/fictional-university-theme/functions.php on line 35
[05-Jul-2018 20:36:20 UTC] PHP Warning:  require(/app/public/wp-content/themes/fictional-university-theme/inc/search-route.php): failed to open stream: No such file or directory in /app/public/wp-content/themes/fictional-university-theme/functions.php on line 3
[05-Jul-2018 20:36:20 UTC] PHP Fatal error:  require(): Failed opening required '/app/public/wp-content/themes/fictional-university-theme/inc/search-route.php' (include_path='.:/usr/share/php:/www/wp-content/pear') in /app/public/wp-content/themes/fictional-university-theme/functions.php on line 3
[05-Jul-2018 20:38:22 UTC] PHP Warning:  require(/app/public/wp-content/themes/fictional-university-theme/inc/search-route.php): failed to open stream: No such file or directory in /app/public/wp-content/themes/fictional-university-theme/functions.php on line 3
[05-Jul-2018 20:38:22 UTC] PHP Fatal error:  require(): Failed opening required '/app/public/wp-content/themes/fictional-university-theme/inc/search-route.php' (include_path='.:/usr/share/php:/www/wp-content/pear') in /app/public/wp-content/themes/fictional-university-theme/functions.php on line 3
[05-Jul-2018 20:39:51 UTC] PHP Warning:  require(/app/public/wp-content/themes/fictional-university-theme/inc/search-route.php): failed to open stream: No such file or directory in /app/public/wp-content/themes/fictional-university-theme/functions.php on line 3
[05-Jul-2018 20:39:51 UTC] PHP Fatal error:  require(): Failed opening required '/app/public/wp-content/themes/fictional-university-theme/inc/search-route.php' (include_path='.:/usr/share/php:/www/wp-content/pear') in /app/public/wp-content/themes/fictional-university-theme/functions.php on line 3
[05-Jul-2018 20:40:22 UTC] PHP Warning:  require(/app/public/wp-content/themes/fictional-university-theme/inc/search-route.php): failed to open stream: No such file or directory in /app/public/wp-content/themes/fictional-university-theme/functions.php on line 3
[05-Jul-2018 20:40:22 UTC] PHP Fatal error:  require(): Failed opening required '/app/public/wp-content/themes/fictional-university-theme/inc/search-route.php' (include_path='.:/usr/share/php:/www/wp-content/pear') in /app/public/wp-content/themes/fictional-university-theme/functions.php on line 3
[05-Jul-2018 20:40:34 UTC] PHP Warning:  require(/app/public/wp-content/themes/fictional-university-theme/inc/search-route.php): failed to open stream: No such file or directory in /app/public/wp-content/themes/fictional-university-theme/functions.php on line 3
[05-Jul-2018 20:40:34 UTC] PHP Fatal error:  require(): Failed opening required '/app/public/wp-content/themes/fictional-university-theme/inc/search-route.php' (include_path='.:/usr/share/php:/www/wp-content/pear') in /app/public/wp-content/themes/fictional-university-theme/functions.php on line 3
[05-Jul-2018 20:41:58 UTC] PHP Warning:  require(/app/public/wp-content/themes/fictional-university-theme/inc/search-route.php): failed to open stream: No such file or directory in /app/public/wp-content/themes/fictional-university-theme/functions.php on line 3
[05-Jul-2018 20:41:58 UTC] PHP Fatal error:  require(): Failed opening required '/app/public/wp-content/themes/fictional-university-theme/inc/search-route.php' (include_path='.:/usr/share/php:/www/wp-content/pear') in /app/public/wp-content/themes/fictional-university-theme/functions.php on line 3
[05-Jul-2018 20:41:59 UTC] PHP Warning:  require(/app/public/wp-content/themes/fictional-university-theme/inc/search-route.php): failed to open stream: No such file or directory in /app/public/wp-content/themes/fictional-university-theme/functions.php on line 3
[05-Jul-2018 20:41:59 UTC] PHP Fatal error:  require(): Failed opening required '/app/public/wp-content/themes/fictional-university-theme/inc/search-route.php' (include_path='.:/usr/share/php:/www/wp-content/pear') in /app/public/wp-content/themes/fictional-university-theme/functions.php on line 3
[09-Jul-2018 19:02:19 UTC] PHP Parse error:  syntax error, unexpected end of file in /app/public/wp-content/themes/fictional-university-theme/inc/search-route.php on line 102
[09-Jul-2018 19:02:26 UTC] PHP Parse error:  syntax error, unexpected end of file in /app/public/wp-content/themes/fictional-university-theme/inc/search-route.php on line 102
[09-Jul-2018 19:03:26 UTC] PHP Parse error:  syntax error, unexpected end of file in /app/public/wp-content/themes/fictional-university-theme/inc/search-route.php on line 102
[09-Jul-2018 19:04:34 UTC] PHP Parse error:  syntax error, unexpected end of file in /app/public/wp-content/themes/fictional-university-theme/inc/search-route.php on line 104
[09-Jul-2018 19:04:38 UTC] PHP Parse error:  syntax error, unexpected end of file in /app/public/wp-content/themes/fictional-university-theme/inc/search-route.php on line 104
[09-Jul-2018 19:23:01 UTC] PHP Parse error:  syntax error, unexpected '}' in /app/public/wp-content/themes/fictional-university-theme/inc/search-route.php on line 88
[10-Jul-2018 21:13:27 UTC] PHP Parse error:  syntax error, unexpected '}', expecting ',' or ';' in /app/public/wp-content/themes/fictional-university-theme/search.php on line 20
[12-Jul-2018 20:00:18 UTC] PHP Parse error:  syntax error, unexpected ';', expecting ')' in /app/public/wp-content/themes/fictional-university-theme/functions.php on line 51
[31-Jul-2018 18:40:19 UTC] PHP Fatal error:  Uncaught Error: Call to undefined function sanatize_textarea_field() in /app/public/wp-content/themes/fictional-university-theme/functions.php:152
Stack trace:
#0 /app/public/wp-includes/class-wp-hook.php(288): makeNotePrivate(Array)
#1 /app/public/wp-includes/plugin.php(203): WP_Hook->apply_filters(Array, Array)
#2 /app/public/wp-includes/post.php(3416): apply_filters('wp_insert_post_...', Array, Array)
#3 /app/public/wp-includes/rest-api/endpoints/class-wp-rest-posts-controller.php(530): wp_insert_post(Array, true)
#4 /app/public/wp-includes/rest-api/class-wp-rest-server.php(936): WP_REST_Posts_Controller->create_item(Object(WP_REST_Request))
#5 /app/public/wp-includes/rest-api/class-wp-rest-server.php(321): WP_REST_Server->dispatch(Object(WP_REST_Request))
#6 /app/public/wp-includes/rest-api.php(266): WP_REST_Server->serve_request('/wp/v2/note')
#7 /app/public/wp-includes/class-wp-hook.php(286): rest_api_loaded(Object(WP))
#8 /app/public/wp-includes/class-wp-hook.php(310): WP_Hook->apply_filters('', Array) in /app/public/wp-content/themes/fictional-university-theme/functions.php on line 152
[31-Jul-2018 18:40:21 UTC] PHP Fatal error:  Uncaught Error: Call to undefined function sanatize_textarea_field() in /app/public/wp-content/themes/fictional-university-theme/functions.php:152
Stack trace:
#0 /app/public/wp-includes/class-wp-hook.php(288): makeNotePrivate(Array)
#1 /app/public/wp-includes/plugin.php(203): WP_Hook->apply_filters(Array, Array)
#2 /app/public/wp-includes/post.php(3416): apply_filters('wp_insert_post_...', Array, Array)
#3 /app/public/wp-includes/rest-api/endpoints/class-wp-rest-posts-controller.php(530): wp_insert_post(Array, true)
#4 /app/public/wp-includes/rest-api/class-wp-rest-server.php(936): WP_REST_Posts_Controller->create_item(Object(WP_REST_Request))
#5 /app/public/wp-includes/rest-api/class-wp-rest-server.php(321): WP_REST_Server->dispatch(Object(WP_REST_Request))
#6 /app/public/wp-includes/rest-api.php(266): WP_REST_Server->serve_request('/wp/v2/note')
#7 /app/public/wp-includes/class-wp-hook.php(286): rest_api_loaded(Object(WP))
#8 /app/public/wp-includes/class-wp-hook.php(310): WP_Hook->apply_filters('', Array) in /app/public/wp-content/themes/fictional-university-theme/functions.php on line 152
[31-Jul-2018 18:40:26 UTC] PHP Fatal error:  Uncaught Error: Call to undefined function sanatize_textarea_field() in /app/public/wp-content/themes/fictional-university-theme/functions.php:152
Stack trace:
#0 /app/public/wp-includes/class-wp-hook.php(288): makeNotePrivate(Array)
#1 /app/public/wp-includes/plugin.php(203): WP_Hook->apply_filters(Array, Array)
#2 /app/public/wp-includes/post.php(3416): apply_filters('wp_insert_post_...', Array, Array)
#3 /app/public/wp-includes/rest-api/endpoints/class-wp-rest-posts-controller.php(530): wp_insert_post(Array, true)
#4 /app/public/wp-includes/rest-api/class-wp-rest-server.php(936): WP_REST_Posts_Controller->create_item(Object(WP_REST_Request))
#5 /app/public/wp-includes/rest-api/class-wp-rest-server.php(321): WP_REST_Server->dispatch(Object(WP_REST_Request))
#6 /app/public/wp-includes/rest-api.php(266): WP_REST_Server->serve_request('/wp/v2/note')
#7 /app/public/wp-includes/class-wp-hook.php(286): rest_api_loaded(Object(WP))
#8 /app/public/wp-includes/class-wp-hook.php(310): WP_Hook->apply_filters('', Array) in /app/public/wp-content/themes/fictional-university-theme/functions.php on line 152
[31-Jul-2018 18:40:32 UTC] PHP Fatal error:  Uncaught Error: Call to undefined function sanatize_textarea_field() in /app/public/wp-content/themes/fictional-university-theme/functions.php:152
Stack trace:
#0 /app/public/wp-includes/class-wp-hook.php(288): makeNotePrivate(Array)
#1 /app/public/wp-includes/plugin.php(203): WP_Hook->apply_filters(Array, Array)
#2 /app/public/wp-includes/post.php(3416): apply_filters('wp_insert_post_...', Array, Array)
#3 /app/public/wp-includes/rest-api/endpoints/class-wp-rest-posts-controller.php(530): wp_insert_post(Array, true)
#4 /app/public/wp-includes/rest-api/class-wp-rest-server.php(936): WP_REST_Posts_Controller->create_item(Object(WP_REST_Request))
#5 /app/public/wp-includes/rest-api/class-wp-rest-server.php(321): WP_REST_Server->dispatch(Object(WP_REST_Request))
#6 /app/public/wp-includes/rest-api.php(266): WP_REST_Server->serve_request('/wp/v2/note')
#7 /app/public/wp-includes/class-wp-hook.php(286): rest_api_loaded(Object(WP))
#8 /app/public/wp-includes/class-wp-hook.php(310): WP_Hook->apply_filters('', Array) in /app/public/wp-content/themes/fictional-university-theme/functions.php on line 152
[31-Jul-2018 18:40:33 UTC] PHP Fatal error:  Uncaught Error: Call to undefined function sanatize_textarea_field() in /app/public/wp-content/themes/fictional-university-theme/functions.php:152
Stack trace:
#0 /app/public/wp-includes/class-wp-hook.php(288): makeNotePrivate(Array)
#1 /app/public/wp-includes/plugin.php(203): WP_Hook->apply_filters(Array, Array)
#2 /app/public/wp-includes/post.php(3416): apply_filters('wp_insert_post_...', Array, Array)
#3 /app/public/wp-includes/rest-api/endpoints/class-wp-rest-posts-controller.php(530): wp_insert_post(Array, true)
#4 /app/public/wp-includes/rest-api/class-wp-rest-server.php(936): WP_REST_Posts_Controller->create_item(Object(WP_REST_Request))
#5 /app/public/wp-includes/rest-api/class-wp-rest-server.php(321): WP_REST_Server->dispatch(Object(WP_REST_Request))
#6 /app/public/wp-includes/rest-api.php(266): WP_REST_Server->serve_request('/wp/v2/note')
#7 /app/public/wp-includes/class-wp-hook.php(286): rest_api_loaded(Object(WP))
#8 /app/public/wp-includes/class-wp-hook.php(310): WP_Hook->apply_filters('', Array) in /app/public/wp-content/themes/fictional-university-theme/functions.php on line 152
[31-Jul-2018 18:40:37 UTC] PHP Fatal error:  Uncaught Error: Call to undefined function sanatize_textarea_field() in /app/public/wp-content/themes/fictional-university-theme/functions.php:152
Stack trace:
#0 /app/public/wp-includes/class-wp-hook.php(288): makeNotePrivate(Array)
#1 /app/public/wp-includes/plugin.php(203): WP_Hook->apply_filters(Array, Array)
#2 /app/public/wp-includes/post.php(3416): apply_filters('wp_insert_post_...', Array, Array)
#3 /app/public/wp-includes/post.php(3713): wp_insert_post(Array, true)
#4 /app/public/wp-includes/rest-api/endpoints/class-wp-rest-posts-controller.php(668): wp_update_post(Array, true)
#5 /app/public/wp-includes/rest-api/class-wp-rest-server.php(936): WP_REST_Posts_Controller->update_item(Object(WP_REST_Request))
#6 /app/public/wp-includes/rest-api/class-wp-rest-server.php(321): WP_REST_Server->dispatch(Object(WP_REST_Request))
#7 /app/public/wp-includes/rest-api.php(266): WP_REST_Server->serve_request('/wp/v2/note/128')
#8 /app/public/wp-includes/class-wp-hook.php(286): rest_api_loaded(Object(WP))
#9 /app/p in /app/public/wp-content/themes/fictional-university-theme/functions.php on line 152
[31-Jul-2018 18:40:37 UTC] PHP Fatal error:  Uncaught Error: Call to undefined function sanatize_textarea_field() in /app/public/wp-content/themes/fictional-university-theme/functions.php:152
Stack trace:
#0 /app/public/wp-includes/class-wp-hook.php(288): makeNotePrivate(Array)
#1 /app/public/wp-includes/plugin.php(203): WP_Hook->apply_filters(Array, Array)
#2 /app/public/wp-includes/post.php(3416): apply_filters('wp_insert_post_...', Array, Array)
#3 /app/public/wp-includes/post.php(3713): wp_insert_post(Array, true)
#4 /app/public/wp-includes/rest-api/endpoints/class-wp-rest-posts-controller.php(668): wp_update_post(Array, true)
#5 /app/public/wp-includes/rest-api/class-wp-rest-server.php(936): WP_REST_Posts_Controller->update_item(Object(WP_REST_Request))
#6 /app/public/wp-includes/rest-api/class-wp-rest-server.php(321): WP_REST_Server->dispatch(Object(WP_REST_Request))
#7 /app/public/wp-includes/rest-api.php(266): WP_REST_Server->serve_request('/wp/v2/note/128')
#8 /app/public/wp-includes/class-wp-hook.php(286): rest_api_loaded(Object(WP))
#9 /app/p in /app/public/wp-content/themes/fictional-university-theme/functions.php on line 152
[31-Jul-2018 18:40:57 UTC] PHP Fatal error:  Uncaught Error: Call to undefined function sanatize_textarea_field() in /app/public/wp-content/themes/fictional-university-theme/functions.php:152
Stack trace:
#0 /app/public/wp-includes/class-wp-hook.php(288): makeNotePrivate(Array)
#1 /app/public/wp-includes/plugin.php(203): WP_Hook->apply_filters(Array, Array)
#2 /app/public/wp-includes/post.php(3416): apply_filters('wp_insert_post_...', Array, Array)
#3 /app/public/wp-includes/rest-api/endpoints/class-wp-rest-posts-controller.php(530): wp_insert_post(Array, true)
#4 /app/public/wp-includes/rest-api/class-wp-rest-server.php(936): WP_REST_Posts_Controller->create_item(Object(WP_REST_Request))
#5 /app/public/wp-includes/rest-api/class-wp-rest-server.php(321): WP_REST_Server->dispatch(Object(WP_REST_Request))
#6 /app/public/wp-includes/rest-api.php(266): WP_REST_Server->serve_request('/wp/v2/note')
#7 /app/public/wp-includes/class-wp-hook.php(286): rest_api_loaded(Object(WP))
#8 /app/public/wp-includes/class-wp-hook.php(310): WP_Hook->apply_filters('', Array) in /app/public/wp-content/themes/fictional-university-theme/functions.php on line 152
[31-Jul-2018 18:40:58 UTC] PHP Fatal error:  Uncaught Error: Call to undefined function sanatize_textarea_field() in /app/public/wp-content/themes/fictional-university-theme/functions.php:152
Stack trace:
#0 /app/public/wp-includes/class-wp-hook.php(288): makeNotePrivate(Array)
#1 /app/public/wp-includes/plugin.php(203): WP_Hook->apply_filters(Array, Array)
#2 /app/public/wp-includes/post.php(3416): apply_filters('wp_insert_post_...', Array, Array)
#3 /app/public/wp-includes/rest-api/endpoints/class-wp-rest-posts-controller.php(530): wp_insert_post(Array, true)
#4 /app/public/wp-includes/rest-api/class-wp-rest-server.php(936): WP_REST_Posts_Controller->create_item(Object(WP_REST_Request))
#5 /app/public/wp-includes/rest-api/class-wp-rest-server.php(321): WP_REST_Server->dispatch(Object(WP_REST_Request))
#6 /app/public/wp-includes/rest-api.php(266): WP_REST_Server->serve_request('/wp/v2/note')
#7 /app/public/wp-includes/class-wp-hook.php(286): rest_api_loaded(Object(WP))
#8 /app/public/wp-includes/class-wp-hook.php(310): WP_Hook->apply_filters('', Array) in /app/public/wp-content/themes/fictional-university-theme/functions.php on line 152
[31-Jul-2018 18:41:06 UTC] PHP Fatal error:  Uncaught Error: Call to undefined function sanatize_textarea_field() in /app/public/wp-content/themes/fictional-university-theme/functions.php:156
Stack trace:
#0 /app/public/wp-includes/class-wp-hook.php(288): makeNotePrivate(Array)
#1 /app/public/wp-includes/plugin.php(203): WP_Hook->apply_filters(Array, Array)
#2 /app/public/wp-includes/post.php(3416): apply_filters('wp_insert_post_...', Array, Array)
#3 /app/public/wp-includes/rest-api/endpoints/class-wp-rest-posts-controller.php(530): wp_insert_post(Array, true)
#4 /app/public/wp-includes/rest-api/class-wp-rest-server.php(936): WP_REST_Posts_Controller->create_item(Object(WP_REST_Request))
#5 /app/public/wp-includes/rest-api/class-wp-rest-server.php(321): WP_REST_Server->dispatch(Object(WP_REST_Request))
#6 /app/public/wp-includes/rest-api.php(266): WP_REST_Server->serve_request('/wp/v2/note')
#7 /app/public/wp-includes/class-wp-hook.php(286): rest_api_loaded(Object(WP))
#8 /app/public/wp-includes/class-wp-hook.php(310): WP_Hook->apply_filters('', Array) in /app/public/wp-content/themes/fictional-university-theme/functions.php on line 156
[31-Jul-2018 18:42:32 UTC] PHP Fatal error:  Uncaught Error: Call to undefined function sanatize_textarea_field() in /app/public/wp-content/themes/fictional-university-theme/functions.php:156
Stack trace:
#0 /app/public/wp-includes/class-wp-hook.php(288): makeNotePrivate(Array)
#1 /app/public/wp-includes/plugin.php(203): WP_Hook->apply_filters(Array, Array)
#2 /app/public/wp-includes/post.php(3416): apply_filters('wp_insert_post_...', Array, Array)
#3 /app/public/wp-includes/rest-api/endpoints/class-wp-rest-posts-controller.php(530): wp_insert_post(Array, true)
#4 /app/public/wp-includes/rest-api/class-wp-rest-server.php(936): WP_REST_Posts_Controller->create_item(Object(WP_REST_Request))
#5 /app/public/wp-includes/rest-api/class-wp-rest-server.php(321): WP_REST_Server->dispatch(Object(WP_REST_Request))
#6 /app/public/wp-includes/rest-api.php(266): WP_REST_Server->serve_request('/wp/v2/note')
#7 /app/public/wp-includes/class-wp-hook.php(286): rest_api_loaded(Object(WP))
#8 /app/public/wp-includes/class-wp-hook.php(310): WP_Hook->apply_filters('', Array) in /app/public/wp-content/themes/fictional-university-theme/functions.php on line 156
[31-Jul-2018 20:42:41 UTC] PHP Parse error:  syntax error, unexpected ';', expecting ',' or ')' in /app/public/wp-content/themes/fictional-university-theme/functions.php on line 11
[02-Aug-2018 20:45:09 UTC] PHP Parse error:  syntax error, unexpected '=>' (T_DOUBLE_ARROW), expecting ')' in /app/public/wp-content/themes/fictional-university-theme/single-professor.php on line 28
[02-Aug-2018 20:51:57 UTC] PHP Recoverable fatal error:  Object of class WP_Query could not be converted to string in /app/public/wp-content/themes/fictional-university-theme/single-professor.php on line 36
[02-Aug-2018 20:58:24 UTC] PHP Recoverable fatal error:  Object of class WP_Query could not be converted to string in /app/public/wp-content/themes/fictional-university-theme/single-professor.php on line 36
[02-Aug-2018 21:05:26 UTC] PHP Parse error:  syntax error, unexpected '=' in /app/public/wp-content/themes/fictional-university-theme/single-professor.php on line 33
[09-Aug-2018 20:24:58 UTC] PHP Fatal error:  Uncaught Error: Call to undefined function sanatize_text_field() in /app/public/wp-content/themes/fictional-university-theme/inc/like-route.php:18
Stack trace:
#0 /app/public/wp-includes/rest-api/class-wp-rest-server.php(936): createLike(Object(WP_REST_Request))
#1 /app/public/wp-includes/rest-api/class-wp-rest-server.php(321): WP_REST_Server->dispatch(Object(WP_REST_Request))
#2 /app/public/wp-includes/rest-api.php(266): WP_REST_Server->serve_request('/university/v1/...')
#3 /app/public/wp-includes/class-wp-hook.php(286): rest_api_loaded(Object(WP))
#4 /app/public/wp-includes/class-wp-hook.php(310): WP_Hook->apply_filters('', Array)
#5 /app/public/wp-includes/plugin.php(515): WP_Hook->do_action(Array)
#6 /app/public/wp-includes/class-wp.php(373): do_action_ref_array('parse_request', Array)
#7 /app/public/wp-includes/class-wp.php(713): WP->parse_request('')
#8 /app/public/wp-includes/functions.php(960): WP->main('')
#9 /app/public/wp-blog-header.php(16): wp()
#10 /app/public/index.php(17): require('/app/publi in /app/public/wp-content/themes/fictional-university-theme/inc/like-route.php on line 18
[09-Aug-2018 20:25:29 UTC] PHP Fatal error:  Uncaught Error: Call to undefined function sanatize_text_field() in /app/public/wp-content/themes/fictional-university-theme/inc/like-route.php:18
Stack trace:
#0 /app/public/wp-includes/rest-api/class-wp-rest-server.php(936): createLike(Object(WP_REST_Request))
#1 /app/public/wp-includes/rest-api/class-wp-rest-server.php(321): WP_REST_Server->dispatch(Object(WP_REST_Request))
#2 /app/public/wp-includes/rest-api.php(266): WP_REST_Server->serve_request('/university/v1/...')
#3 /app/public/wp-includes/class-wp-hook.php(286): rest_api_loaded(Object(WP))
#4 /app/public/wp-includes/class-wp-hook.php(310): WP_Hook->apply_filters('', Array)
#5 /app/public/wp-includes/plugin.php(515): WP_Hook->do_action(Array)
#6 /app/public/wp-includes/class-wp.php(373): do_action_ref_array('parse_request', Array)
#7 /app/public/wp-includes/class-wp.php(713): WP->parse_request('')
#8 /app/public/wp-includes/functions.php(960): WP->main('')
#9 /app/public/wp-blog-header.php(16): wp()
#10 /app/public/index.php(17): require('/app/publi in /app/public/wp-content/themes/fictional-university-theme/inc/like-route.php on line 18
[09-Aug-2018 20:25:44 UTC] PHP Fatal error:  Uncaught Error: Call to undefined function sanatize_text_field() in /app/public/wp-content/themes/fictional-university-theme/inc/like-route.php:18
Stack trace:
#0 /app/public/wp-includes/rest-api/class-wp-rest-server.php(936): createLike(Object(WP_REST_Request))
#1 /app/public/wp-includes/rest-api/class-wp-rest-server.php(321): WP_REST_Server->dispatch(Object(WP_REST_Request))
#2 /app/public/wp-includes/rest-api.php(266): WP_REST_Server->serve_request('/university/v1/...')
#3 /app/public/wp-includes/class-wp-hook.php(286): rest_api_loaded(Object(WP))
#4 /app/public/wp-includes/class-wp-hook.php(310): WP_Hook->apply_filters('', Array)
#5 /app/public/wp-includes/plugin.php(515): WP_Hook->do_action(Array)
#6 /app/public/wp-includes/class-wp.php(373): do_action_ref_array('parse_request', Array)
#7 /app/public/wp-includes/class-wp.php(713): WP->parse_request('')
#8 /app/public/wp-includes/functions.php(960): WP->main('')
#9 /app/public/wp-blog-header.php(16): wp()
#10 /app/public/index.php(17): require('/app/publi in /app/public/wp-content/themes/fictional-university-theme/inc/like-route.php on line 18
[09-Aug-2018 20:25:44 UTC] PHP Fatal error:  Uncaught Error: Call to undefined function sanatize_text_field() in /app/public/wp-content/themes/fictional-university-theme/inc/like-route.php:18
Stack trace:
#0 /app/public/wp-includes/rest-api/class-wp-rest-server.php(936): createLike(Object(WP_REST_Request))
#1 /app/public/wp-includes/rest-api/class-wp-rest-server.php(321): WP_REST_Server->dispatch(Object(WP_REST_Request))
#2 /app/public/wp-includes/rest-api.php(266): WP_REST_Server->serve_request('/university/v1/...')
#3 /app/public/wp-includes/class-wp-hook.php(286): rest_api_loaded(Object(WP))
#4 /app/public/wp-includes/class-wp-hook.php(310): WP_Hook->apply_filters('', Array)
#5 /app/public/wp-includes/plugin.php(515): WP_Hook->do_action(Array)
#6 /app/public/wp-includes/class-wp.php(373): do_action_ref_array('parse_request', Array)
#7 /app/public/wp-includes/class-wp.php(713): WP->parse_request('')
#8 /app/public/wp-includes/functions.php(960): WP->main('')
#9 /app/public/wp-blog-header.php(16): wp()
#10 /app/public/index.php(17): require('/app/publi in /app/public/wp-content/themes/fictional-university-theme/inc/like-route.php on line 18
[09-Aug-2018 20:37:51 UTC] PHP Parse error:  syntax error, unexpected '}' in /app/public/wp-content/themes/fictional-university-theme/inc/like-route.php on line 23
[09-Aug-2018 20:39:53 UTC] PHP Parse error:  syntax error, unexpected '}' in /app/public/wp-content/themes/fictional-university-theme/inc/like-route.php on line 31
[09-Aug-2018 20:41:53 UTC] PHP Parse error:  syntax error, unexpected '}' in /app/public/wp-content/themes/fictional-university-theme/inc/like-route.php on line 31
[09-Aug-2018 20:43:53 UTC] PHP Parse error:  syntax error, unexpected '}' in /app/public/wp-content/themes/fictional-university-theme/inc/like-route.php on line 31
[09-Aug-2018 20:44:46 UTC] PHP Parse error:  syntax error, unexpected '}' in /app/public/wp-content/themes/fictional-university-theme/inc/like-route.php on line 31
[09-Aug-2018 20:49:48 UTC] PHP Parse error:  syntax error, unexpected '}' in /app/public/wp-content/themes/fictional-university-theme/inc/like-route.php on line 31
[14-Aug-2018 20:30:20 UTC] PHP Parse error:  syntax error, unexpected 'does' (T_STRING) in /app/public/wp-content/themes/fictional-university-theme/inc/like-route.php on line 21
[14-Aug-2018 20:49:34 UTC] PHP Fatal error:  Uncaught Error: Call to undefined function sanatize_text_field() in /app/public/wp-content/themes/fictional-university-theme/inc/like-route.php:53
Stack trace:
#0 /app/public/wp-includes/rest-api/class-wp-rest-server.php(936): deleteLike(Object(WP_REST_Request))
#1 /app/public/wp-includes/rest-api/class-wp-rest-server.php(321): WP_REST_Server->dispatch(Object(WP_REST_Request))
#2 /app/public/wp-includes/rest-api.php(266): WP_REST_Server->serve_request('/university/v1/...')
#3 /app/public/wp-includes/class-wp-hook.php(286): rest_api_loaded(Object(WP))
#4 /app/public/wp-includes/class-wp-hook.php(310): WP_Hook->apply_filters('', Array)
#5 /app/public/wp-includes/plugin.php(515): WP_Hook->do_action(Array)
#6 /app/public/wp-includes/class-wp.php(373): do_action_ref_array('parse_request', Array)
#7 /app/public/wp-includes/class-wp.php(713): WP->parse_request('')
#8 /app/public/wp-includes/functions.php(960): WP->main('')
#9 /app/public/wp-blog-header.php(16): wp()
#10 /app/public/index.php(17): require('/app/publi in /app/public/wp-content/themes/fictional-university-theme/inc/like-route.php on line 53
[14-Aug-2018 20:49:35 UTC] PHP Fatal error:  Uncaught Error: Call to undefined function sanatize_text_field() in /app/public/wp-content/themes/fictional-university-theme/inc/like-route.php:53
Stack trace:
#0 /app/public/wp-includes/rest-api/class-wp-rest-server.php(936): deleteLike(Object(WP_REST_Request))
#1 /app/public/wp-includes/rest-api/class-wp-rest-server.php(321): WP_REST_Server->dispatch(Object(WP_REST_Request))
#2 /app/public/wp-includes/rest-api.php(266): WP_REST_Server->serve_request('/university/v1/...')
#3 /app/public/wp-includes/class-wp-hook.php(286): rest_api_loaded(Object(WP))
#4 /app/public/wp-includes/class-wp-hook.php(310): WP_Hook->apply_filters('', Array)
#5 /app/public/wp-includes/plugin.php(515): WP_Hook->do_action(Array)
#6 /app/public/wp-includes/class-wp.php(373): do_action_ref_array('parse_request', Array)
#7 /app/public/wp-includes/class-wp.php(713): WP->parse_request('')
#8 /app/public/wp-includes/functions.php(960): WP->main('')
#9 /app/public/wp-blog-header.php(16): wp()
#10 /app/public/index.php(17): require('/app/publi in /app/public/wp-content/themes/fictional-university-theme/inc/like-route.php on line 53
[14-Aug-2018 20:49:58 UTC] PHP Warning:  log() expects parameter 1 to be float, string given in /app/public/wp-content/themes/fictional-university-theme/inc/like-route.php on line 56
[17-Aug-2018 01:38:59 UTC] PHP Fatal error:  Uncaught Error: Class 'HttpRequest' not found in /app/public/wp-content/themes/fictional-university-theme/page.php:3
Stack trace:
#0 /app/public/wp-includes/template-loader.php(74): include()
#1 /app/public/wp-blog-header.php(19): require_once('/app/public/wp-...')
#2 /app/public/index.php(17): require('/app/public/wp-...')
#3 {main}
  thrown in /app/public/wp-content/themes/fictional-university-theme/page.php on line 3
[17-Aug-2018 01:39:58 UTC] PHP Fatal error:  Uncaught Error: Class 'HttpRequest' not found in /app/public/wp-content/themes/fictional-university-theme/page.php:3
Stack trace:
#0 /app/public/wp-includes/template-loader.php(74): include()
#1 /app/public/wp-blog-header.php(19): require_once('/app/public/wp-...')
#2 /app/public/index.php(17): require('/app/public/wp-...')
#3 {main}
  thrown in /app/public/wp-content/themes/fictional-university-theme/page.php on line 3
[17-Aug-2018 01:39:59 UTC] PHP Fatal error:  Uncaught Error: Class 'HttpRequest' not found in /app/public/wp-content/themes/fictional-university-theme/page.php:3
Stack trace:
#0 /app/public/wp-includes/template-loader.php(74): include()
#1 /app/public/wp-blog-header.php(19): require_once('/app/public/wp-...')
#2 /app/public/index.php(17): require('/app/public/wp-...')
#3 {main}
  thrown in /app/public/wp-content/themes/fictional-university-theme/page.php on line 3
[17-Aug-2018 01:40:04 UTC] PHP Fatal error:  Uncaught Error: Class 'HttpRequest' not found in /app/public/wp-content/themes/fictional-university-theme/page.php:6
Stack trace:
#0 /app/public/wp-includes/template-loader.php(74): include()
#1 /app/public/wp-blog-header.php(19): require_once('/app/public/wp-...')
#2 /app/public/index.php(17): require('/app/public/wp-...')
#3 {main}
  thrown in /app/public/wp-content/themes/fictional-university-theme/page.php on line 6
[17-Aug-2018 01:42:54 UTC] PHP Fatal error:  Uncaught Error: Class 'HttpRequest' not found in /app/public/wp-content/themes/fictional-university-theme/template-parts/request.php:3
Stack trace:
#0 /app/public/wp-includes/template.php(690): require()
#1 /app/public/wp-includes/template.php(647): load_template('/app/public/wp-...', false)
#2 /app/public/wp-includes/general-template.php(155): locate_template(Array, true, false)
#3 /app/public/wp-content/themes/fictional-university-theme/page.php(3): get_template_part('template-parts/...')
#4 /app/public/wp-includes/template-loader.php(74): include('/app/public/wp-...')
#5 /app/public/wp-blog-header.php(19): require_once('/app/public/wp-...')
#6 /app/public/index.php(17): require('/app/public/wp-...')
#7 {main}
  thrown in /app/public/wp-content/themes/fictional-university-theme/template-parts/request.php on line 3
[17-Aug-2018 01:44:19 UTC] PHP Parse error:  syntax error, unexpected 'pecl' (T_STRING), expecting variable (T_VARIABLE) or '{' or '$' in /app/public/wp-content/themes/fictional-university-theme/template-parts/request.php on line 2
[17-Aug-2018 01:44:26 UTC] PHP Fatal error:  Uncaught Error: Class 'HttpRequest' not found in /app/public/wp-content/themes/fictional-university-theme/template-parts/request.php:3
Stack trace:
#0 /app/public/wp-includes/template.php(690): require()
#1 /app/public/wp-includes/template.php(647): load_template('/app/public/wp-...', false)
#2 /app/public/wp-includes/general-template.php(155): locate_template(Array, true, false)
#3 /app/public/wp-content/themes/fictional-university-theme/page.php(3): get_template_part('template-parts/...')
#4 /app/public/wp-includes/template-loader.php(74): include('/app/public/wp-...')
#5 /app/public/wp-blog-header.php(19): require_once('/app/public/wp-...')
#6 /app/public/index.php(17): require('/app/public/wp-...')
#7 {main}
  thrown in /app/public/wp-content/themes/fictional-university-theme/template-parts/request.php on line 3
[17-Aug-2018 01:44:45 UTC] PHP Fatal error:  Uncaught Error: Class 'HttpRequest' not found in /app/public/wp-content/themes/fictional-university-theme/template-parts/request.php:12
Stack trace:
#0 /app/public/wp-includes/template.php(690): require()
#1 /app/public/wp-includes/template.php(647): load_template('/app/public/wp-...', false)
#2 /app/public/wp-includes/general-template.php(155): locate_template(Array, true, false)
#3 /app/public/wp-content/themes/fictional-university-theme/page.php(3): get_template_part('template-parts/...')
#4 /app/public/wp-includes/template-loader.php(74): include('/app/public/wp-...')
#5 /app/public/wp-blog-header.php(19): require_once('/app/public/wp-...')
#6 /app/public/index.php(17): require('/app/public/wp-...')
#7 {main}
  thrown in /app/public/wp-content/themes/fictional-university-theme/template-parts/request.php on line 12
[17-Aug-2018 01:44:46 UTC] PHP Fatal error:  Uncaught Error: Class 'HttpRequest' not found in /app/public/wp-content/themes/fictional-university-theme/template-parts/request.php:12
Stack trace:
#0 /app/public/wp-includes/template.php(690): require()
#1 /app/public/wp-includes/template.php(647): load_template('/app/public/wp-...', false)
#2 /app/public/wp-includes/general-template.php(155): locate_template(Array, true, false)
#3 /app/public/wp-content/themes/fictional-university-theme/page.php(3): get_template_part('template-parts/...')
#4 /app/public/wp-includes/template-loader.php(74): include('/app/public/wp-...')
#5 /app/public/wp-blog-header.php(19): require_once('/app/public/wp-...')
#6 /app/public/index.php(17): require('/app/public/wp-...')
#7 {main}
  thrown in /app/public/wp-content/themes/fictional-university-theme/template-parts/request.php on line 12
[17-Aug-2018 01:44:58 UTC] PHP Fatal error:  Uncaught Error: Class 'HttpRequest' not found in /app/public/wp-content/themes/fictional-university-theme/template-parts/request.php:3
Stack trace:
#0 /app/public/wp-includes/template.php(690): require()
#1 /app/public/wp-includes/template.php(647): load_template('/app/public/wp-...', false)
#2 /app/public/wp-includes/general-template.php(155): locate_template(Array, true, false)
#3 /app/public/wp-content/themes/fictional-university-theme/page.php(3): get_template_part('template-parts/...')
#4 /app/public/wp-includes/template-loader.php(74): include('/app/public/wp-...')
#5 /app/public/wp-blog-header.php(19): require_once('/app/public/wp-...')
#6 /app/public/index.php(17): require('/app/public/wp-...')
#7 {main}
  thrown in /app/public/wp-content/themes/fictional-university-theme/template-parts/request.php on line 3
[17-Aug-2018 01:46:44 UTC] PHP Fatal error:  Uncaught Error: Class 'http\Client' not found in /app/public/wp-content/themes/fictional-university-theme/template-parts/request.php:3
Stack trace:
#0 /app/public/wp-includes/template.php(690): require()
#1 /app/public/wp-includes/template.php(647): load_template('/app/public/wp-...', false)
#2 /app/public/wp-includes/general-template.php(155): locate_template(Array, true, false)
#3 /app/public/wp-content/themes/fictional-university-theme/page.php(3): get_template_part('template-parts/...')
#4 /app/public/wp-includes/template-loader.php(74): include('/app/public/wp-...')
#5 /app/public/wp-blog-header.php(19): require_once('/app/public/wp-...')
#6 /app/public/index.php(17): require('/app/public/wp-...')
#7 {main}
  thrown in /app/public/wp-content/themes/fictional-university-theme/template-parts/request.php on line 3
[17-Aug-2018 01:50:50 UTC] PHP Parse error:  syntax error, unexpected '}', expecting ',' or ';' in /app/public/wp-content/themes/fictional-university-theme/page.php on line 23
[17-Aug-2018 01:55:35 UTC] PHP Parse error:  syntax error, unexpected '}' in /app/public/wp-content/themes/fictional-university-theme/page.php on line 4
