[29-May-2018 19:33:28] NOTICE: fpm is running, pid 14
[29-May-2018 19:33:28] NOTICE: ready to handle connections
[29-May-2018 20:45:04] NOTICE: Terminating ...
[29-May-2018 20:45:04] NOTICE: exiting, bye-bye!
[30-May-2018 20:10:47] NOTICE: fpm is running, pid 25
[30-May-2018 20:10:47] NOTICE: ready to handle connections
[31-May-2018 20:39:25] NOTICE: fpm is running, pid 8
[31-May-2018 20:39:25] NOTICE: ready to handle connections
[31-May-2018 20:59:51] NOTICE: Terminating ...
[31-May-2018 20:59:51] NOTICE: exiting, bye-bye!
[04-Jun-2018 20:20:35] NOTICE: fpm is running, pid 25
[04-Jun-2018 20:20:35] NOTICE: ready to handle connections
[05-Jun-2018 00:16:40] NOTICE: Terminating ...
[05-Jun-2018 00:16:40] NOTICE: exiting, bye-bye!
[05-Jun-2018 20:42:03] NOTICE: fpm is running, pid 25
[05-Jun-2018 20:42:03] NOTICE: ready to handle connections
[07-Jun-2018 19:41:15] NOTICE: fpm is running, pid 8
[07-Jun-2018 19:41:15] NOTICE: ready to handle connections
[07-Jun-2018 21:07:43] NOTICE: Terminating ...
[07-Jun-2018 21:07:43] NOTICE: exiting, bye-bye!
[11-Jun-2018 20:37:35] NOTICE: fpm is running, pid 26
[11-Jun-2018 20:37:35] NOTICE: ready to handle connections
[11-Jun-2018 20:49:17] NOTICE: Terminating ...
[11-Jun-2018 20:49:17] NOTICE: exiting, bye-bye!
[12-Jun-2018 20:06:38] NOTICE: fpm is running, pid 25
[12-Jun-2018 20:06:38] NOTICE: ready to handle connections
[13-Jun-2018 20:07:55] NOTICE: fpm is running, pid 8
[13-Jun-2018 20:07:55] NOTICE: ready to handle connections
[13-Jun-2018 21:02:41] NOTICE: Terminating ...
[13-Jun-2018 21:02:41] NOTICE: exiting, bye-bye!
[14-Jun-2018 20:06:50] NOTICE: fpm is running, pid 8
[14-Jun-2018 20:06:50] NOTICE: ready to handle connections
[14-Jun-2018 20:10:21] NOTICE: Terminating ...
[14-Jun-2018 20:10:21] NOTICE: exiting, bye-bye!
[14-Jun-2018 20:10:29] NOTICE: fpm is running, pid 29
[14-Jun-2018 20:10:29] NOTICE: ready to handle connections
[18-Jun-2018 20:03:21] NOTICE: fpm is running, pid 8
[18-Jun-2018 20:03:21] NOTICE: ready to handle connections
[20-Jun-2018 19:07:42] NOTICE: fpm is running, pid 8
[20-Jun-2018 19:07:42] NOTICE: ready to handle connections
[21-Jun-2018 19:16:32] NOTICE: fpm is running, pid 8
[21-Jun-2018 19:16:32] NOTICE: ready to handle connections
[25-Jun-2018 20:03:08] NOTICE: fpm is running, pid 8
[25-Jun-2018 20:03:08] NOTICE: ready to handle connections
[25-Jun-2018 20:57:34] NOTICE: Terminating ...
[25-Jun-2018 20:57:34] NOTICE: exiting, bye-bye!
[26-Jun-2018 20:03:51] NOTICE: fpm is running, pid 25
[26-Jun-2018 20:03:51] NOTICE: ready to handle connections
[27-Jun-2018 20:05:11] NOTICE: fpm is running, pid 8
[27-Jun-2018 20:05:11] NOTICE: ready to handle connections
[27-Jun-2018 20:42:28] NOTICE: fpm is running, pid 8
[27-Jun-2018 20:42:28] NOTICE: ready to handle connections
[28-Jun-2018 20:08:14] NOTICE: fpm is running, pid 8
[28-Jun-2018 20:08:14] NOTICE: ready to handle connections
[02-Jul-2018 20:28:13] NOTICE: fpm is running, pid 8
[02-Jul-2018 20:28:13] NOTICE: ready to handle connections
[03-Jul-2018 20:00:11] NOTICE: fpm is running, pid 8
[03-Jul-2018 20:00:11] NOTICE: ready to handle connections
[05-Jul-2018 17:47:38] NOTICE: fpm is running, pid 8
[05-Jul-2018 17:47:38] NOTICE: ready to handle connections
[09-Jul-2018 17:36:58] NOTICE: fpm is running, pid 8
[09-Jul-2018 17:36:58] NOTICE: ready to handle connections
[10-Jul-2018 20:16:11] NOTICE: fpm is running, pid 8
[10-Jul-2018 20:16:11] NOTICE: ready to handle connections
[12-Jul-2018 18:46:34] NOTICE: fpm is running, pid 8
[12-Jul-2018 18:46:34] NOTICE: ready to handle connections
[31-Jul-2018 18:06:38] NOTICE: fpm is running, pid 8
[31-Jul-2018 18:06:38] NOTICE: ready to handle connections
[02-Aug-2018 20:08:07] NOTICE: fpm is running, pid 8
[02-Aug-2018 20:08:07] NOTICE: ready to handle connections
[08-Aug-2018 20:23:58] NOTICE: fpm is running, pid 8
[08-Aug-2018 20:23:58] NOTICE: ready to handle connections
[09-Aug-2018 19:38:36] NOTICE: fpm is running, pid 8
[09-Aug-2018 19:38:36] NOTICE: ready to handle connections
[12-Aug-2018 20:37:51] NOTICE: fpm is running, pid 8
[12-Aug-2018 20:37:51] NOTICE: ready to handle connections
[14-Aug-2018 20:08:04] NOTICE: fpm is running, pid 8
[14-Aug-2018 20:08:04] NOTICE: ready to handle connections
[14-Aug-2018 22:06:06] NOTICE: fpm is running, pid 8
[14-Aug-2018 22:06:06] NOTICE: ready to handle connections
[15-Aug-2018 22:10:50] NOTICE: fpm is running, pid 8
[15-Aug-2018 22:10:50] NOTICE: ready to handle connections
[20-Aug-2018 19:47:49] NOTICE: fpm is running, pid 8
[20-Aug-2018 19:47:49] NOTICE: ready to handle connections
